TN:
SF:src/App.tsx
FN:10,App
FNF:1
FNH:1
FNDA:5,App
DA:1,1
DA:2,1
DA:3,1
DA:4,1
DA:5,1
DA:6,1
DA:7,1
DA:8,1
DA:9,1
DA:10,5
DA:11,5
DA:12,5
DA:13,5
DA:14,5
DA:15,5
DA:16,5
DA:17,5
DA:18,5
DA:19,5
DA:20,5
DA:21,5
DA:22,5
DA:23,5
DA:24,5
DA:25,5
DA:26,5
LF:26
LH:26
BRDA:10,0,0,5
BRF:1
BRH:1
end_of_record
TN:
SF:src/api/admin.ts
FN:139,listBuildings
FN:143,importBuildings
FN:165,listLotOwners
FN:169,addLotOwner
FN:179,updateLotOwner
FN:189,importLotOwners
FN:214,listAGMs
FN:218,createAGM
FN:225,getAGMDetail
FN:229,closeAGM
FN:235,resendReport
FNF:11
FNH:11
FNDA:42,listBuildings
FNDA:6,importBuildings
FNDA:16,listLotOwners
FNDA:4,addLotOwner
FNDA:4,updateLotOwner
FNDA:5,importLotOwners
FNDA:8,listAGMs
FNDA:2,createAGM
FNDA:20,getAGMDetail
FNDA:3,closeAGM
FNDA:3,resendReport
DA:1,1
DA:2,1
DA:3,1
DA:4,1
DA:5,1
DA:6,1
DA:7,1
DA:8,1
DA:9,1
DA:10,1
DA:11,1
DA:12,1
DA:13,1
DA:14,1
DA:15,1
DA:16,1
DA:17,1
DA:18,1
DA:19,1
DA:20,1
DA:21,1
DA:22,1
DA:23,1
DA:24,1
DA:25,1
DA:26,1
DA:27,1
DA:28,1
DA:29,1
DA:30,1
DA:31,1
DA:32,1
DA:33,1
DA:34,1
DA:35,1
DA:36,1
DA:37,1
DA:38,1
DA:39,1
DA:40,1
DA:41,1
DA:42,1
DA:43,1
DA:44,1
DA:45,1
DA:46,1
DA:47,1
DA:48,1
DA:49,1
DA:50,1
DA:51,1
DA:52,1
DA:53,1
DA:54,1
DA:55,1
DA:56,1
DA:57,1
DA:58,1
DA:59,1
DA:60,1
DA:61,1
DA:62,1
DA:63,1
DA:64,1
DA:65,1
DA:66,1
DA:67,1
DA:68,1
DA:69,1
DA:70,1
DA:71,1
DA:72,1
DA:73,1
DA:74,1
DA:75,1
DA:76,1
DA:77,1
DA:78,1
DA:79,1
DA:80,1
DA:81,1
DA:82,1
DA:83,1
DA:84,1
DA:85,1
DA:86,1
DA:87,1
DA:88,1
DA:89,1
DA:90,1
DA:91,1
DA:92,1
DA:93,1
DA:94,1
DA:95,1
DA:96,1
DA:97,1
DA:98,1
DA:99,1
DA:100,1
DA:101,1
DA:102,1
DA:103,1
DA:104,1
DA:105,1
DA:106,1
DA:107,1
DA:108,1
DA:109,1
DA:110,1
DA:111,1
DA:112,1
DA:113,1
DA:114,1
DA:115,1
DA:116,1
DA:117,1
DA:118,1
DA:119,1
DA:120,1
DA:121,1
DA:122,1
DA:123,1
DA:124,1
DA:125,1
DA:126,1
DA:127,1
DA:128,1
DA:129,1
DA:130,1
DA:131,1
DA:132,1
DA:133,1
DA:134,1
DA:135,1
DA:136,1
DA:137,1
DA:138,1
DA:139,42
DA:140,42
DA:141,42
DA:142,1
DA:143,6
DA:144,6
DA:145,6
DA:146,6
DA:147,6
DA:148,6
DA:149,6
DA:150,6
DA:151,6
DA:152,6
DA:153,6
DA:154,6
DA:155,2
DA:156,2
DA:157,2
DA:158,4
DA:159,4
DA:160,1
DA:161,1
DA:162,1
DA:163,1
DA:164,1
DA:165,16
DA:166,16
DA:167,16
DA:168,1
DA:169,4
DA:170,4
DA:171,4
DA:172,4
DA:173,4
DA:174,4
DA:175,4
DA:176,4
DA:177,4
DA:178,1
DA:179,4
DA:180,4
DA:181,4
DA:182,4
DA:183,4
DA:184,4
DA:185,4
DA:186,4
DA:187,4
DA:188,1
DA:189,5
DA:190,5
DA:191,5
DA:192,5
DA:193,5
DA:194,5
DA:195,5
DA:196,5
DA:197,5
DA:198,5
DA:199,5
DA:200,5
DA:201,5
DA:202,5
DA:203,5
DA:204,1
DA:205,1
DA:206,1
DA:207,4
DA:208,4
DA:209,1
DA:210,1
DA:211,1
DA:212,1
DA:213,1
DA:214,8
DA:215,8
DA:216,8
DA:217,1
DA:218,2
DA:219,2
DA:220,2
DA:221,2
DA:222,2
DA:223,2
DA:224,1
DA:225,20
DA:226,20
DA:227,20
DA:228,1
DA:229,3
DA:230,3
DA:231,3
DA:232,3
DA:233,3
DA:234,1
DA:235,3
DA:236,3
DA:237,3
DA:238,3
DA:239,3
LF:239
LH:239
BRDA:139,0,0,42
BRDA:143,1,0,6
BRDA:154,2,0,5
BRDA:154,3,0,2
BRDA:157,4,0,4
BRDA:165,5,0,16
BRDA:169,6,0,4
BRDA:179,7,0,4
BRDA:189,8,0,5
BRDA:203,9,0,1
BRDA:206,10,0,4
BRDA:214,11,0,8
BRDA:218,12,0,2
BRDA:225,13,0,20
BRDA:229,14,0,3
BRDA:235,15,0,3
BRF:16
BRH:16
end_of_record
TN:
SF:src/api/client.ts
FN:3,apiFetch
FNF:1
FNH:1
FNDA:320,apiFetch
DA:1,1
DA:2,1
DA:3,320
DA:4,320
DA:5,320
DA:6,320
DA:7,320
DA:8,320
DA:9,320
DA:10,320
DA:11,320
DA:12,320
DA:13,320
DA:14,320
DA:15,310
DA:16,320
DA:17,18
DA:18,18
DA:19,18
DA:20,292
DA:21,292
DA:22,292
LF:22
LH:22
BRDA:3,0,0,320
BRDA:10,1,0,43
BRDA:14,2,0,310
BRDA:16,3,0,318
BRDA:16,4,0,18
BRDA:19,5,0,292
BRF:6
BRH:6
end_of_record
TN:
SF:src/api/public.ts
FN:19,getAGMSummary
FNF:1
FNH:1
FNDA:14,getAGMSummary
DA:1,1
DA:2,1
DA:3,1
DA:4,1
DA:5,1
DA:6,1
DA:7,1
DA:8,1
DA:9,1
DA:10,1
DA:11,1
DA:12,1
DA:13,1
DA:14,1
DA:15,1
DA:16,1
DA:17,1
DA:18,1
DA:19,1
DA:20,14
DA:21,14
LF:21
LH:21
BRDA:19,0,0,14
BRF:1
BRH:1
end_of_record
TN:
SF:src/api/voter.ts
FN:84,fetchServerTime
FN:88,fetchBuildings
FN:92,fetchAGMs
FN:96,verifyAuth
FN:103,fetchMotions
FN:107,fetchDrafts
FN:111,saveDraft
FN:118,submitBallot
FN:124,fetchMyBallot
FNF:9
FNH:9
FNDA:26,fetchServerTime
FNDA:48,fetchBuildings
FNDA:45,fetchAGMs
FNDA:6,verifyAuth
FNDA:22,fetchMotions
FNDA:24,fetchDrafts
FNDA:17,saveDraft
FNDA:4,submitBallot
FNDA:12,fetchMyBallot
DA:1,1
DA:2,1
DA:3,1
DA:4,1
DA:5,1
DA:6,1
DA:7,1
DA:8,1
DA:9,1
DA:10,1
DA:11,1
DA:12,1
DA:13,1
DA:14,1
DA:15,1
DA:16,1
DA:17,1
DA:18,1
DA:19,1
DA:20,1
DA:21,1
DA:22,1
DA:23,1
DA:24,1
DA:25,1
DA:26,1
DA:27,1
DA:28,1
DA:29,1
DA:30,1
DA:31,1
DA:32,1
DA:33,1
DA:34,1
DA:35,1
DA:36,1
DA:37,1
DA:38,1
DA:39,1
DA:40,1
DA:41,1
DA:42,1
DA:43,1
DA:44,1
DA:45,1
DA:46,1
DA:47,1
DA:48,1
DA:49,1
DA:50,1
DA:51,1
DA:52,1
DA:53,1
DA:54,1
DA:55,1
DA:56,1
DA:57,1
DA:58,1
DA:59,1
DA:60,1
DA:61,1
DA:62,1
DA:63,1
DA:64,1
DA:65,1
DA:66,1
DA:67,1
DA:68,1
DA:69,1
DA:70,1
DA:71,1
DA:72,1
DA:73,1
DA:74,1
DA:75,1
DA:76,1
DA:77,1
DA:78,1
DA:79,1
DA:80,1
DA:81,1
DA:82,1
DA:83,1
DA:84,1
DA:85,26
DA:86,26
DA:87,1
DA:88,1
DA:89,48
DA:90,48
DA:91,1
DA:92,1
DA:93,45
DA:94,45
DA:95,1
DA:96,1
DA:97,6
DA:98,6
DA:99,6
DA:100,6
DA:101,6
DA:102,1
DA:103,1
DA:104,22
DA:105,22
DA:106,1
DA:107,1
DA:108,24
DA:109,24
DA:110,1
DA:111,1
DA:112,17
DA:113,17
DA:114,17
DA:115,17
DA:116,17
DA:117,1
DA:118,1
DA:119,4
DA:120,4
DA:121,4
DA:122,4
DA:123,1
DA:124,1
DA:125,12
DA:126,12
LF:126
LH:126
BRDA:84,0,0,26
BRDA:88,1,0,48
BRDA:92,2,0,45
BRDA:96,3,0,6
BRDA:103,4,0,22
BRDA:107,5,0,24
BRDA:111,6,0,17
BRDA:118,7,0,4
BRDA:124,8,0,12
BRF:9
BRH:9
end_of_record
TN:
SF:src/components/admin/AGMReportView.tsx
FN:8,AGMReportView
FN:11,toggleExpand
FN:61,onClick
FNF:3
FNH:3
FNDA:28,AGMReportView
FNDA:4,toggleExpand
FNDA:4,onClick
DA:1,1
DA:2,1
DA:3,1
DA:4,1
DA:5,1
DA:6,1
DA:7,1
DA:8,28
DA:9,28
DA:10,28
DA:11,28
DA:12,4
DA:13,4
DA:14,28
DA:15,28
DA:16,1
DA:17,1
DA:18,27
DA:19,27
DA:20,27
DA:21,27
DA:22,36
DA:23,36
DA:24,36
DA:25,36
DA:26,36
DA:27,36
DA:28,36
DA:29,36
DA:30,36
DA:31,36
DA:32,36
DA:33,36
DA:34,36
DA:35,26
DA:36,36
DA:37,36
DA:38,36
DA:39,36
DA:40,36
DA:41,36
DA:42,36
DA:43,36
DA:44,36
DA:45,36
DA:46,36
DA:47,36
DA:48,144
DA:49,144
DA:50,144
DA:51,144
DA:52,144
DA:53,144
DA:54,144
DA:55,36
DA:56,36
DA:57,36
DA:58,36
DA:59,36
DA:60,36
DA:61,36
DA:62,36
DA:63,36
DA:64,36
DA:65,36
DA:66,36
DA:67,36
DA:68,3
DA:69,3
DA:70,12
DA:71,12
DA:72,12
DA:73,3
DA:74,9
DA:75,9
DA:76,9
DA:77,15
DA:78,15
DA:79,15
DA:80,9
DA:81,9
DA:82,12
DA:83,12
DA:84,3
DA:85,3
DA:86,36
DA:87,36
DA:88,27
DA:89,27
DA:90,27
DA:91,27
DA:92,1
DA:93,1
DA:94,1
DA:95,1
DA:96,1
DA:97,1
DA:98,1
DA:99,1
DA:100,1
DA:101,1
DA:102,1
DA:103,1
LF:103
LH:103
BRDA:8,0,0,28
BRDA:15,1,0,1
BRDA:17,2,0,27
BRDA:11,3,0,4
BRDA:12,4,0,4
BRDA:21,5,0,36
BRDA:34,6,0,26
BRDA:64,7,0,3
BRDA:64,8,0,33
BRDA:67,9,0,3
BRDA:47,10,0,144
BRDA:61,11,0,4
BRDA:69,12,0,12
BRDA:72,13,0,3
BRDA:73,14,0,9
BRDA:76,15,0,15
BRF:16
BRH:16
end_of_record
TN:
SF:src/components/admin/AGMTable.tsx
FN:10,AGMTable
FN:29,onClick
FNF:2
FNH:2
FNDA:12,AGMTable
FNDA:2,onClick
DA:1,1
DA:2,1
DA:3,1
DA:4,1
DA:5,1
DA:6,1
DA:7,1
DA:8,1
DA:9,1
DA:10,12
DA:11,12
DA:12,12
DA:13,12
DA:14,12
DA:15,12
DA:16,12
DA:17,12
DA:18,12
DA:19,12
DA:20,12
DA:21,12
DA:22,12
DA:23,12
DA:24,12
DA:25,12
DA:26,22
DA:27,22
DA:28,22
DA:29,22
DA:30,22
DA:31,22
DA:32,22
DA:33,22
DA:34,22
DA:35,22
DA:36,22
DA:37,22
DA:38,22
DA:39,12
DA:40,12
DA:41,1
DA:42,1
DA:43,1
DA:44,1
DA:45,1
DA:46,12
DA:47,12
DA:48,12
DA:49,12
DA:50,12
DA:51,1
DA:52,1
DA:53,1
DA:54,1
DA:55,1
DA:56,1
DA:57,1
DA:58,1
DA:59,1
DA:60,1
DA:61,1
DA:62,1
LF:62
LH:62
BRDA:10,0,0,12
BRDA:40,1,0,1
BRDA:25,2,0,22
BRDA:29,3,0,2
BRF:4
BRH:4
end_of_record
TN:
SF:src/components/admin/BuildingCSVUpload.tsx
FN:10,BuildingCSVUpload
FN:15,mutationFn
FN:16,onSuccess
FN:23,handleUpload
FNF:4
FNH:4
FNDA:23,BuildingCSVUpload
FNDA:6,mutationFn
FNDA:4,onSuccess
FNDA:7,handleUpload
DA:1,1
DA:2,1
DA:3,1
DA:4,1
DA:5,1
DA:6,1
DA:7,1
DA:8,1
DA:9,1
DA:10,23
DA:11,23
DA:12,23
DA:13,23
DA:14,23
DA:15,23
DA:16,23
DA:17,4
DA:18,4
DA:19,4
DA:20,4
DA:21,23
DA:22,23
DA:23,23
DA:24,7
DA:25,7
DA:26,6
DA:27,6
DA:28,6
DA:29,7
DA:30,23
DA:31,23
DA:32,23
DA:33,23
DA:34,23
DA:35,23
DA:36,23
DA:37,23
DA:38,23
DA:39,23
DA:40,23
DA:41,23
DA:42,23
DA:43,23
DA:44,23
DA:45,23
DA:46,23
DA:47,23
DA:48,23
DA:49,23
DA:50,23
DA:51,23
DA:52,8
DA:53,8
DA:54,8
DA:55,23
DA:56,23
DA:57,23
DA:58,2
DA:59,2
DA:60,2
DA:61,23
DA:62,23
DA:63,23
DA:64,23
LF:64
LH:64
BRDA:10,0,0,23
BRDA:48,1,0,4
BRDA:48,2,0,19
BRDA:51,3,0,8
BRDA:57,4,0,2
BRDA:15,5,0,6
BRDA:16,6,0,4
BRDA:23,7,0,7
BRDA:25,8,0,1
BRDA:25,9,0,6
BRF:10
BRH:10
end_of_record
TN:
SF:src/components/admin/BuildingTable.tsx
FN:9,BuildingTable
FN:27,onClick
FNF:2
FNH:2
FNDA:11,BuildingTable
FNDA:2,onClick
DA:1,1
DA:2,1
DA:3,1
DA:4,1
DA:5,1
DA:6,1
DA:7,1
DA:8,1
DA:9,11
DA:10,11
DA:11,11
DA:12,11
DA:13,11
DA:14,11
DA:15,11
DA:16,11
DA:17,11
DA:18,11
DA:19,11
DA:20,11
DA:21,11
DA:22,11
DA:23,20
DA:24,20
DA:25,20
DA:26,20
DA:27,20
DA:28,20
DA:29,20
DA:30,20
DA:31,20
DA:32,20
DA:33,20
DA:34,20
DA:35,11
DA:36,11
DA:37,1
DA:38,1
DA:39,1
DA:40,1
DA:41,1
DA:42,11
DA:43,11
DA:44,11
DA:45,11
DA:46,11
DA:47,1
DA:48,1
DA:49,1
DA:50,1
DA:51,1
DA:52,1
DA:53,1
DA:54,1
DA:55,1
DA:56,1
DA:57,1
DA:58,1
DA:59,1
DA:60,1
DA:61,1
DA:62,1
DA:63,1
DA:64,1
DA:65,1
DA:66,1
DA:67,1
DA:68,1
LF:68
LH:68
BRDA:9,0,0,11
BRDA:36,1,0,1
BRDA:22,2,0,20
BRDA:27,3,0,2
BRF:4
BRH:4
end_of_record
TN:
SF:src/components/admin/CloseAGMButton.tsx
FN:12,CloseAGMButton
FN:17,mutationFn
FN:18,onSuccess
FN:23,onError
FN:28,handleConfirm
FN:35,onClick
FN:72,onClick
FNF:7
FNH:7
FNDA:27,CloseAGMButton
FNDA:3,mutationFn
FNDA:2,onSuccess
FNDA:1,onError
FNDA:3,handleConfirm
FNDA:6,onClick
FNDA:1,onClick
DA:1,1
DA:2,1
DA:3,1
DA:4,1
DA:5,1
DA:6,1
DA:7,1
DA:8,1
DA:9,1
DA:10,1
DA:11,1
DA:12,27
DA:13,27
DA:14,27
DA:15,27
DA:16,27
DA:17,27
DA:18,27
DA:19,2
DA:20,2
DA:21,2
DA:22,2
DA:23,27
DA:24,1
DA:25,1
DA:26,27
DA:27,27
DA:28,27
DA:29,3
DA:30,3
DA:31,27
DA:32,27
DA:33,27
DA:34,27
DA:35,27
DA:36,27
DA:37,27
DA:38,27
DA:39,27
DA:40,27
DA:41,27
DA:42,8
DA:43,8
DA:44,8
DA:45,8
DA:46,8
DA:47,8
DA:48,8
DA:49,8
DA:50,8
DA:51,8
DA:52,8
DA:53,8
DA:54,8
DA:55,8
DA:56,8
DA:57,8
DA:58,8
DA:59,8
DA:60,8
DA:61,8
DA:62,8
DA:63,8
DA:64,8
DA:65,8
DA:66,8
DA:67,8
DA:68,8
DA:69,8
DA:70,8
DA:71,8
DA:72,8
DA:73,8
DA:74,8
DA:75,8
DA:76,8
DA:77,8
DA:78,8
DA:79,8
DA:80,8
DA:81,8
DA:82,8
DA:83,8
DA:84,8
DA:85,8
DA:86,8
DA:87,27
DA:88,27
DA:89,27
DA:90,27
LF:90
LH:90
BRDA:12,0,0,27
BRDA:41,1,0,8
BRDA:69,2,0,2
BRDA:82,3,0,1
BRDA:82,4,0,7
BRDA:17,5,0,3
BRDA:18,6,0,2
BRDA:23,7,0,1
BRDA:28,8,0,3
BRDA:35,9,0,6
BRDA:72,10,0,1
BRF:11
BRH:11
end_of_record
TN:
SF:src/components/admin/CreateAGMForm.tsx
FN:10,CreateAGMForm
FN:26,mutationFn
FN:27,onSuccess
FN:30,onError
FN:35,handleSubmit
FN:92,onChange
FN:110,onChange
FN:121,onChange
FN:132,onChange
FN:137,onMotionsLoaded
FNF:10
FNH:10
FNDA:149,CreateAGMForm
FNDA:2,mutationFn
FNDA:1,onSuccess
FNDA:1,onError
FNDA:9,handleSubmit
FNDA:8,onChange
FNDA:64,onChange
FNDA:6,onChange
FNDA:5,onChange
FNDA:1,onMotionsLoaded
DA:1,1
DA:2,1
DA:3,1
DA:4,1
DA:5,1
DA:6,1
DA:7,1
DA:8,1
DA:9,1
DA:10,149
DA:11,149
DA:12,149
DA:13,149
DA:14,149
DA:15,149
DA:16,149
DA:17,149
DA:18,149
DA:19,149
DA:20,149
DA:21,149
DA:22,149
DA:23,149
DA:24,149
DA:25,149
DA:26,149
DA:27,149
DA:28,1
DA:29,1
DA:30,149
DA:31,1
DA:32,1
DA:33,149
DA:34,149
DA:35,149
DA:36,9
DA:37,9
DA:38,9
DA:39,9
DA:40,1
DA:41,1
DA:42,1
DA:43,9
DA:44,1
DA:45,1
DA:46,1
DA:47,9
DA:48,1
DA:49,1
DA:50,1
DA:51,9
DA:52,1
DA:53,1
DA:54,1
DA:55,9
DA:56,1
DA:57,1
DA:58,1
DA:59,9
DA:60,1
DA:61,1
DA:62,1
DA:63,3
DA:64,3
DA:65,1
DA:66,1
DA:67,1
DA:68,3
DA:69,2
DA:70,2
DA:71,2
DA:72,2
DA:73,2
DA:74,2
DA:75,2
DA:76,2
DA:77,2
DA:78,2
DA:79,2
DA:80,2
DA:81,2
DA:82,2
DA:83,9
DA:84,149
DA:85,149
DA:86,149
DA:87,149
DA:88,149
DA:89,149
DA:90,149
DA:91,149
DA:92,149
DA:93,149
DA:94,149
DA:95,149
DA:96,149
DA:97,264
DA:98,264
DA:99,264
DA:100,149
DA:101,149
DA:102,149
DA:103,149
DA:104,149
DA:105,149
DA:106,149
DA:107,149
DA:108,149
DA:109,149
DA:110,149
DA:111,149
DA:112,149
DA:113,149
DA:114,149
DA:115,149
DA:116,149
DA:117,149
DA:118,149
DA:119,149
DA:120,149
DA:121,149
DA:122,149
DA:123,149
DA:124,149
DA:125,149
DA:126,149
DA:127,149
DA:128,149
DA:129,149
DA:130,149
DA:131,149
DA:132,149
DA:133,149
DA:134,149
DA:135,149
DA:136,149
DA:137,149
DA:138,149
DA:139,149
DA:140,149
DA:141,149
DA:142,9
DA:143,9
DA:144,9
DA:145,149
DA:146,149
DA:147,149
DA:148,149
DA:149,149
DA:150,149
DA:151,149
DA:152,149
DA:153,149
DA:154,149
DA:155,1
DA:156,1
DA:157,1
DA:158,1
DA:159,1
DA:160,1
DA:161,1
DA:162,1
DA:163,1
DA:164,1
DA:165,1
DA:166,1
DA:167,1
LF:167
LH:167
BRDA:10,0,0,149
BRDA:141,1,0,9
BRDA:149,2,0,3
BRDA:149,3,0,146
BRDA:26,4,0,2
BRDA:27,5,0,1
BRDA:30,6,0,1
BRDA:35,7,0,9
BRDA:39,8,0,1
BRDA:42,9,0,8
BRDA:43,10,0,1
BRDA:46,11,0,7
BRDA:47,12,0,1
BRDA:50,13,0,6
BRDA:51,14,0,1
BRDA:54,15,0,5
BRDA:55,16,0,1
BRDA:58,17,0,4
BRDA:59,18,0,1
BRDA:62,19,0,3
BRDA:64,20,0,1
BRDA:68,21,0,2
BRDA:75,22,0,2
BRDA:92,23,0,8
BRDA:96,24,0,264
BRDA:110,25,0,64
BRDA:121,26,0,6
BRDA:132,27,0,5
BRDA:137,28,0,1
BRF:29
BRH:29
end_of_record
TN:
SF:src/components/admin/EmailStatusBanner.tsx
FN:12,EmailStatusBanner
FN:21,mutationFn
FN:22,onSuccess
FN:27,onError
FN:49,onClick
FNF:5
FNH:5
FNDA:15,EmailStatusBanner
FNDA:3,mutationFn
FNDA:2,onSuccess
FNDA:1,onError
FNDA:3,onClick
DA:1,1
DA:2,1
DA:3,1
DA:4,1
DA:5,1
DA:6,1
DA:7,1
DA:8,1
DA:9,1
DA:10,1
DA:11,1
DA:12,15
DA:13,15
DA:14,15
DA:15,15
DA:16,15
DA:17,15
DA:18,15
DA:19,15
DA:20,15
DA:21,15
DA:22,15
DA:23,2
DA:24,2
DA:25,2
DA:26,2
DA:27,15
DA:28,1
DA:29,1
DA:30,15
DA:31,15
DA:32,15
DA:33,15
DA:34,15
DA:35,15
DA:36,15
DA:37,15
DA:38,15
DA:39,15
DA:40,15
DA:41,15
DA:42,15
DA:43,15
DA:44,15
DA:45,13
DA:46,15
DA:47,15
DA:48,15
DA:49,15
DA:50,15
DA:51,15
DA:52,15
DA:53,15
DA:54,15
DA:55,4
DA:56,15
DA:57,15
DA:58,2
DA:59,15
DA:60,15
DA:61,15
DA:62,15
DA:63,15
LF:63
LH:63
BRDA:12,0,0,15
BRDA:44,1,0,13
BRDA:52,2,0,3
BRDA:52,3,0,12
BRDA:54,4,0,4
BRDA:57,5,0,2
BRDA:21,6,0,3
BRDA:22,7,0,2
BRDA:27,8,0,1
BRDA:49,9,0,3
BRF:10
BRH:10
end_of_record
TN:
SF:src/components/admin/LotOwnerCSVUpload.tsx
FN:11,LotOwnerCSVUpload
FN:16,mutationFn
FN:17,onSuccess
FN:24,handleUpload
FNF:4
FNH:4
FNDA:34,LotOwnerCSVUpload
FNDA:5,mutationFn
FNDA:4,onSuccess
FNDA:6,handleUpload
DA:1,1
DA:2,1
DA:3,1
DA:4,1
DA:5,1
DA:6,1
DA:7,1
DA:8,1
DA:9,1
DA:10,1
DA:11,34
DA:12,34
DA:13,34
DA:14,34
DA:15,34
DA:16,34
DA:17,34
DA:18,4
DA:19,4
DA:20,4
DA:21,4
DA:22,34
DA:23,34
DA:24,34
DA:25,6
DA:26,6
DA:27,5
DA:28,5
DA:29,5
DA:30,6
DA:31,34
DA:32,34
DA:33,34
DA:34,34
DA:35,34
DA:36,34
DA:37,34
DA:38,34
DA:39,34
DA:40,34
DA:41,34
DA:42,34
DA:43,34
DA:44,34
DA:45,34
DA:46,34
DA:47,34
DA:48,34
DA:49,34
DA:50,34
DA:51,34
DA:52,34
DA:53,8
DA:54,8
DA:55,8
DA:56,34
DA:57,34
DA:58,34
DA:59,1
DA:60,1
DA:61,1
DA:62,34
DA:63,34
DA:64,34
DA:65,34
LF:65
LH:65
BRDA:11,0,0,34
BRDA:49,1,0,4
BRDA:49,2,0,30
BRDA:52,3,0,8
BRDA:58,4,0,1
BRDA:16,5,0,5
BRDA:17,6,0,4
BRDA:24,7,0,6
BRDA:26,8,0,1
BRDA:26,9,0,5
BRF:10
BRH:10
end_of_record
TN:
SF:src/components/admin/LotOwnerForm.tsx
FN:14,LotOwnerForm
FN:37,mutationFn
FN:38,onSuccess
FN:45,onError
FN:51,mutationFn
FN:52,onSuccess
FN:56,onError
FN:61,handleSubmit
FN:110,onChange
FN:122,onChange
FN:133,onChange
FNF:11
FNH:11
FNDA:262,LotOwnerForm
FNDA:4,mutationFn
FNDA:2,onSuccess
FNDA:2,onError
FNDA:4,mutationFn
FNDA:3,onSuccess
FNDA:1,onError
FNDA:14,handleSubmit
FNDA:28,onChange
FNDA:144,onChange
FNDA:25,onChange
DA:1,1
DA:2,1
DA:3,1
DA:4,1
DA:5,1
DA:6,1
DA:7,1
DA:8,1
DA:9,1
DA:10,1
DA:11,1
DA:12,1
DA:13,1
DA:14,262
DA:15,262
DA:16,262
DA:17,262
DA:18,262
DA:19,262
DA:20,262
DA:21,262
DA:22,262
DA:23,262
DA:24,262
DA:25,262
DA:26,262
DA:27,262
DA:28,262
DA:29,262
DA:30,22
DA:31,22
DA:32,22
DA:33,22
DA:34,262
DA:35,262
DA:36,262
DA:37,262
DA:38,262
DA:39,2
DA:40,2
DA:41,2
DA:42,2
DA:43,2
DA:44,2
DA:45,262
DA:46,2
DA:47,2
DA:48,262
DA:49,262
DA:50,262
DA:51,262
DA:52,262
DA:53,3
DA:54,3
DA:55,3
DA:56,262
DA:57,1
DA:58,1
DA:59,262
DA:60,262
DA:61,262
DA:62,14
DA:63,14
DA:64,14
DA:65,14
DA:66,14
DA:67,1
DA:68,1
DA:69,1
DA:70,14
DA:71,2
DA:72,2
DA:73,2
DA:74,11
DA:75,14
DA:76,5
DA:77,5
DA:78,5
DA:79,5
DA:80,1
DA:81,1
DA:82,1
DA:83,4
DA:84,14
DA:85,6
DA:86,1
DA:87,1
DA:88,1
DA:89,6
DA:90,1
DA:91,1
DA:92,1
DA:93,4
DA:94,4
DA:95,14
DA:96,262
DA:97,262
DA:98,262
DA:99,262
DA:100,262
DA:101,262
DA:102,262
DA:103,262
DA:104,163
DA:105,163
DA:106,163
DA:107,163
DA:108,163
DA:109,163
DA:110,163
DA:111,163
DA:112,163
DA:113,163
DA:114,262
DA:115,262
DA:116,262
DA:117,262
DA:118,262
DA:119,262
DA:120,262
DA:121,262
DA:122,262
DA:123,262
DA:124,262
DA:125,262
DA:126,262
DA:127,262
DA:128,262
DA:129,262
DA:130,262
DA:131,262
DA:132,262
DA:133,262
DA:134,262
DA:135,262
DA:136,262
DA:137,262
DA:138,262
DA:139,13
DA:140,13
DA:141,13
DA:142,262
DA:143,262
DA:144,262
DA:145,262
DA:146,262
DA:147,262
DA:148,262
DA:149,262
DA:150,262
DA:151,262
DA:152,262
DA:153,262
DA:154,262
DA:155,1
DA:156,1
DA:157,1
DA:158,1
DA:159,1
DA:160,1
DA:161,1
DA:162,1
DA:163,1
DA:164,1
DA:165,1
DA:166,1
DA:167,1
LF:167
LH:167
BRDA:14,0,0,262
BRDA:22,1,0,99
BRDA:22,2,0,163
BRDA:23,3,0,99
BRDA:23,4,0,163
BRDA:25,5,0,99
BRDA:25,6,0,163
BRDA:97,7,0,255
BRDA:101,8,0,99
BRDA:101,9,0,163
BRDA:103,10,0,163
BRDA:138,11,0,13
BRDA:146,12,0,15
BRDA:146,13,0,247
BRDA:146,14,0,91
BRDA:146,15,0,156
BRDA:29,16,0,22
BRDA:30,17,0,10
BRDA:30,18,0,12
BRDA:31,19,0,10
BRDA:31,20,0,12
BRDA:32,21,0,10
BRDA:32,22,0,12
BRDA:37,23,0,4
BRDA:38,24,0,2
BRDA:45,25,0,2
BRDA:51,26,0,4
BRDA:52,27,0,3
BRDA:56,28,0,1
BRDA:61,29,0,14
BRDA:66,30,0,13
BRDA:66,31,0,1
BRDA:69,32,0,13
BRDA:70,33,0,2
BRDA:73,34,0,11
BRDA:75,35,0,5
BRDA:77,36,0,3
BRDA:78,37,0,1
BRDA:79,38,0,1
BRDA:82,39,0,4
BRDA:84,40,0,6
BRDA:85,41,0,1
BRDA:88,42,0,5
BRDA:89,43,0,1
BRDA:92,44,0,4
BRDA:110,45,0,28
BRDA:122,46,0,144
BRDA:133,47,0,25
BRF:48
BRH:48
end_of_record
TN:
SF:src/components/admin/LotOwnerTable.tsx
FN:9,LotOwnerTable
FN:27,onClick
FNF:2
FNH:2
FNDA:23,LotOwnerTable
FNDA:2,onClick
DA:1,1
DA:2,1
DA:3,1
DA:4,1
DA:5,1
DA:6,1
DA:7,1
DA:8,1
DA:9,23
DA:10,23
DA:11,23
DA:12,23
DA:13,23
DA:14,23
DA:15,23
DA:16,23
DA:17,23
DA:18,23
DA:19,23
DA:20,23
DA:21,23
DA:22,44
DA:23,44
DA:24,44
DA:25,44
DA:26,44
DA:27,44
DA:28,44
DA:29,44
DA:30,23
DA:31,23
DA:32,1
DA:33,1
DA:34,1
DA:35,1
DA:36,1
DA:37,23
DA:38,23
DA:39,23
DA:40,23
DA:41,23
DA:42,1
DA:43,1
DA:44,1
DA:45,1
DA:46,1
DA:47,1
DA:48,1
DA:49,1
DA:50,1
DA:51,1
DA:52,1
DA:53,1
LF:53
LH:53
BRDA:9,0,0,23
BRDA:31,1,0,1
BRDA:21,2,0,44
BRDA:27,3,0,2
BRF:4
BRH:4
end_of_record
TN:
SF:src/components/admin/MotionEditor.tsx
FN:13,MotionEditor
FN:14,addMotion
FN:18,removeMotion
FN:22,updateMotion
FN:50,onChange
FN:61,onChange
FN:68,onClick
FNF:7
FNH:7
FNDA:156,MotionEditor
FNDA:1,addMotion
FNDA:2,removeMotion
FNDA:26,updateMotion
FNDA:25,onChange
FNDA:1,onChange
FNDA:2,onClick
DA:1,1
DA:2,1
DA:3,1
DA:4,1
DA:5,1
DA:6,1
DA:7,1
DA:8,1
DA:9,1
DA:10,1
DA:11,1
DA:12,1
DA:13,156
DA:14,156
DA:15,1
DA:16,1
DA:17,156
DA:18,156
DA:19,2
DA:20,2
DA:21,156
DA:22,156
DA:23,26
DA:24,28
DA:25,26
DA:26,26
DA:27,26
DA:28,156
DA:29,156
DA:30,156
DA:31,156
DA:32,156
DA:33,160
DA:34,160
DA:35,160
DA:36,160
DA:37,160
DA:38,160
DA:39,160
DA:40,160
DA:41,160
DA:42,160
DA:43,160
DA:44,160
DA:45,160
DA:46,160
DA:47,160
DA:48,160
DA:49,160
DA:50,160
DA:51,160
DA:52,160
DA:53,160
DA:54,160
DA:55,160
DA:56,160
DA:57,160
DA:58,160
DA:59,160
DA:60,160
DA:61,160
DA:62,160
DA:63,160
DA:64,160
DA:65,160
DA:66,160
DA:67,160
DA:68,160
DA:69,160
DA:70,160
DA:71,160
DA:72,160
DA:73,160
DA:74,156
DA:75,156
DA:76,156
DA:77,156
DA:78,156
DA:79,156
DA:80,156
DA:81,1
DA:82,1
DA:83,1
DA:84,1
DA:85,1
DA:86,1
DA:87,1
DA:88,1
DA:89,1
DA:90,1
DA:91,1
DA:92,1
DA:93,1
LF:93
LH:93
BRDA:13,0,0,156
BRDA:14,1,0,1
BRDA:18,2,0,2
BRDA:19,3,0,3
BRDA:22,4,0,26
BRDA:23,5,0,28
BRDA:24,6,0,26
BRDA:24,7,0,2
BRDA:32,8,0,160
BRDA:50,9,0,25
BRDA:61,10,0,1
BRDA:68,11,0,2
BRF:12
BRH:12
end_of_record
TN:
SF:src/components/admin/MotionExcelUpload.tsx
FN:9,MotionExcelUpload
FN:14,handleChange
FNF:2
FNH:2
FNDA:170,MotionExcelUpload
FNDA:8,handleChange
DA:1,1
DA:2,1
DA:3,1
DA:4,1
DA:5,1
DA:6,1
DA:7,1
DA:8,1
DA:9,170
DA:10,170
DA:11,170
DA:12,170
DA:13,170
DA:14,170
DA:15,8
DA:16,8
DA:17,7
DA:18,7
DA:19,7
DA:20,7
DA:21,8
DA:22,3
DA:23,4
DA:24,4
DA:25,4
DA:26,4
DA:27,8
DA:28,7
DA:29,7
DA:30,8
DA:31,170
DA:32,170
DA:33,170
DA:34,170
DA:35,170
DA:36,170
DA:37,170
DA:38,170
DA:39,170
DA:40,170
DA:41,170
DA:42,170
DA:43,170
DA:44,170
DA:45,170
DA:46,170
DA:47,170
DA:48,170
DA:49,170
DA:50,170
DA:51,3
DA:52,3
DA:53,3
DA:54,5
DA:55,3
DA:56,3
DA:57,3
DA:58,170
DA:59,170
DA:60,170
DA:61,170
LF:61
LH:61
BRDA:9,0,0,170
BRDA:49,1,0,7
BRDA:50,2,0,3
BRDA:14,3,0,8
BRDA:16,4,0,1
BRDA:16,5,0,7
BRDA:21,6,0,4
BRDA:21,7,0,3
BRDA:27,8,0,7
BRDA:53,9,0,5
BRF:10
BRH:10
end_of_record
TN:
SF:src/components/admin/ShareSummaryLink.tsx
FN:7,ShareSummaryLink
FN:11,handleCopy
FNF:2
FNH:2
FNDA:28,ShareSummaryLink
FNDA:4,handleCopy
DA:1,1
DA:2,1
DA:3,1
DA:4,1
DA:5,1
DA:6,1
DA:7,28
DA:8,28
DA:9,28
DA:10,28
DA:11,28
DA:12,4
DA:13,4
DA:14,4
DA:15,1
DA:16,1
DA:17,4
DA:18,4
DA:19,2
DA:20,4
DA:21,4
DA:22,28
DA:23,28
DA:24,28
DA:25,28
DA:26,28
DA:27,28
DA:28,28
DA:29,28
DA:30,28
DA:31,28
LF:31
LH:31
BRDA:7,0,0,28
BRDA:11,1,0,4
BRDA:13,2,0,3
BRDA:14,3,0,1
BRDA:18,4,0,2
BRF:5
BRH:5
end_of_record
TN:
SF:src/components/admin/StatusBadge.tsx
FN:7,StatusBadge
FNF:1
FNH:1
FNDA:40,StatusBadge
DA:1,1
DA:2,1
DA:3,1
DA:4,1
DA:5,1
DA:6,1
DA:7,40
DA:8,40
DA:9,40
DA:10,40
DA:11,40
DA:12,40
DA:13,40
DA:14,40
DA:15,40
DA:16,40
DA:17,40
DA:18,40
DA:19,40
DA:20,40
LF:20
LH:20
BRDA:7,0,0,40
BRDA:15,1,0,21
BRDA:15,2,0,19
BRDA:16,3,0,21
BRDA:16,4,0,19
BRDA:17,5,0,21
BRDA:17,6,0,19
BRDA:19,7,0,21
BRDA:19,8,0,19
BRF:9
BRH:9
end_of_record
TN:
SF:src/components/vote/AGMList.tsx
FN:11,AGMList
FNF:1
FNH:1
FNDA:10,AGMList
DA:1,1
DA:2,1
DA:3,1
DA:4,1
DA:5,1
DA:6,1
DA:7,1
DA:8,1
DA:9,1
DA:10,1
DA:11,1
DA:12,10
DA:13,3
DA:14,3
DA:15,7
DA:16,7
DA:17,7
DA:18,14
DA:19,14
DA:20,14
DA:21,14
DA:22,14
DA:23,14
DA:24,14
DA:25,7
DA:26,7
DA:27,7
DA:28,7
LF:28
LH:28
BRDA:11,0,0,10
BRDA:12,1,0,9
BRDA:12,2,0,3
BRDA:14,3,0,7
BRDA:17,4,0,14
BRF:5
BRH:5
end_of_record
TN:
SF:src/components/vote/AGMListItem.tsx
FN:4,formatLocalDateTime
FN:17,AGMListItem
FN:42,onClick
FN:44,onClick
FNF:4
FNH:4
FNDA:44,formatLocalDateTime
FNDA:22,AGMListItem
FNDA:2,onClick
FNDA:2,onClick
DA:1,1
DA:2,1
DA:3,1
DA:4,44
DA:5,44
DA:6,44
DA:7,44
DA:8,44
DA:9,44
DA:10,1
DA:11,1
DA:12,1
DA:13,1
DA:14,1
DA:15,1
DA:16,1
DA:17,1
DA:18,22
DA:19,22
DA:20,22
DA:21,22
DA:22,22
DA:23,22
DA:24,22
DA:25,22
DA:26,22
DA:27,22
DA:28,22
DA:29,22
DA:30,22
DA:31,22
DA:32,22
DA:33,22
DA:34,22
DA:35,22
DA:36,22
DA:37,22
DA:38,22
DA:39,22
DA:40,22
DA:41,22
DA:42,12
DA:43,10
DA:44,10
DA:45,22
DA:46,22
DA:47,22
DA:48,22
LF:48
LH:48
BRDA:4,0,0,44
BRDA:17,1,0,22
BRDA:34,2,0,12
BRDA:34,3,0,10
BRDA:39,4,0,12
BRDA:39,5,0,10
BRDA:41,6,0,12
BRDA:42,7,0,10
BRDA:42,8,0,2
BRDA:44,9,0,2
BRF:10
BRH:10
end_of_record
TN:
SF:src/components/vote/AuthForm.tsx
FN:11,AuthForm
FN:23,handleSubmit
FN:57,onChange
FN:73,onChange
FNF:4
FNH:4
FNDA:233,AuthForm
FNDA:13,handleSubmit
FNDA:19,onChange
FNDA:146,onChange
DA:1,1
DA:2,1
DA:3,1
DA:4,1
DA:5,1
DA:6,1
DA:7,1
DA:8,1
DA:9,1
DA:10,1
DA:11,1
DA:12,233
DA:13,233
DA:14,233
DA:15,233
DA:16,233
DA:17,233
DA:18,233
DA:19,233
DA:20,233
DA:21,233
DA:22,233
DA:23,233
DA:24,13
DA:25,13
DA:26,13
DA:27,13
DA:28,3
DA:29,3
DA:30,11
DA:31,10
DA:32,10
DA:33,13
DA:34,13
DA:35,3
DA:36,3
DA:37,11
DA:38,10
DA:39,10
DA:40,13
DA:41,13
DA:42,8
DA:43,8
DA:44,13
DA:45,233
DA:46,233
DA:47,233
DA:48,233
DA:49,233
DA:50,233
DA:51,233
DA:52,233
DA:53,233
DA:54,233
DA:55,233
DA:56,233
DA:57,233
DA:58,233
DA:59,233
DA:60,233
DA:61,233
DA:62,3
DA:63,3
DA:64,3
DA:65,233
DA:66,233
DA:67,233
DA:68,233
DA:69,233
DA:70,233
DA:71,233
DA:72,233
DA:73,233
DA:74,233
DA:75,233
DA:76,233
DA:77,233
DA:78,3
DA:79,3
DA:80,3
DA:81,233
DA:82,233
DA:83,233
DA:84,7
DA:85,7
DA:86,7
DA:87,233
DA:88,233
DA:89,233
DA:90,233
DA:91,233
DA:92,233
DA:93,233
DA:94,233
LF:94
LH:94
BRDA:11,0,0,233
BRDA:59,1,0,3
BRDA:59,2,0,230
BRDA:61,3,0,3
BRDA:75,4,0,3
BRDA:75,5,0,230
BRDA:77,6,0,3
BRDA:83,7,0,7
BRDA:89,8,0,14
BRDA:89,9,0,219
BRDA:23,10,0,13
BRDA:27,11,0,11
BRDA:27,12,0,3
BRDA:30,13,0,10
BRDA:34,14,0,11
BRDA:34,15,0,3
BRDA:37,16,0,10
BRDA:41,17,0,5
BRDA:41,18,0,8
BRDA:57,19,0,19
BRDA:73,20,0,146
BRF:21
BRH:21
end_of_record
TN:
SF:src/components/vote/BuildingDropdown.tsx
FN:11,BuildingDropdown
FN:18,onChange
FNF:2
FNH:2
FNDA:32,BuildingDropdown
FNDA:9,onChange
DA:1,1
DA:2,1
DA:3,1
DA:4,1
DA:5,1
DA:6,1
DA:7,1
DA:8,1
DA:9,1
DA:10,1
DA:11,1
DA:12,32
DA:13,32
DA:14,32
DA:15,32
DA:16,32
DA:17,32
DA:18,32
DA:19,32
DA:20,32
DA:21,32
DA:22,32
DA:23,32
DA:24,38
DA:25,38
DA:26,38
DA:27,32
DA:28,32
DA:29,32
DA:30,1
DA:31,1
DA:32,1
DA:33,32
DA:34,32
DA:35,32
DA:36,32
LF:36
LH:36
BRDA:11,0,0,32
BRDA:20,1,0,1
BRDA:20,2,0,31
BRDA:29,3,0,1
BRDA:18,4,0,9
BRDA:23,5,0,38
BRF:6
BRH:6
end_of_record
TN:
SF:src/components/vote/ClosedBanner.tsx
FN:3,ClosedBanner
FNF:1
FNH:1
FNDA:5,ClosedBanner
DA:1,1
DA:2,1
DA:3,1
DA:4,5
DA:5,5
DA:6,5
DA:7,5
DA:8,5
DA:9,5
DA:10,5
DA:11,5
DA:12,5
DA:13,5
DA:14,5
DA:15,5
DA:16,5
DA:17,5
DA:18,5
DA:19,5
DA:20,5
LF:20
LH:20
BRDA:3,0,0,5
BRF:1
BRH:1
end_of_record
TN:
SF:src/components/vote/CountdownTimer.tsx
FN:10,pad
FN:14,CountdownTimer
FNF:2
FNH:2
FNDA:162,pad
FNDA:55,CountdownTimer
DA:1,1
DA:2,1
DA:3,1
DA:4,1
DA:5,1
DA:6,1
DA:7,1
DA:8,1
DA:9,1
DA:10,162
DA:11,162
DA:12,162
DA:13,1
DA:14,1
DA:15,55
DA:16,55
DA:17,55
DA:18,55
DA:19,55
DA:20,55
DA:21,55
DA:22,55
DA:23,55
DA:24,55
DA:25,1
DA:26,1
DA:27,1
DA:28,1
DA:29,1
DA:30,1
DA:31,1
DA:32,1
DA:33,1
DA:34,1
DA:35,54
DA:36,54
DA:37,54
DA:38,54
DA:39,54
DA:40,55
DA:41,55
DA:42,55
DA:43,55
DA:44,4
DA:45,55
DA:46,55
DA:47,55
DA:48,55
LF:48
LH:48
BRDA:10,0,0,162
BRDA:14,1,0,55
BRDA:24,2,0,1
BRDA:34,3,0,54
BRDA:40,4,0,4
BRDA:40,5,0,50
BRDA:40,6,0,4
BRDA:40,7,0,50
BRDA:43,8,0,4
BRF:9
BRH:9
end_of_record
TN:
SF:src/components/vote/MotionCard.tsx
FN:19,MotionCard
FN:29,handleClick
FN:56,onClick
FNF:3
FNH:3
FNDA:171,MotionCard
FNDA:10,handleClick
FNDA:10,onClick
DA:1,1
DA:2,1
DA:3,1
DA:4,1
DA:5,1
DA:6,1
DA:7,1
DA:8,1
DA:9,1
DA:10,1
DA:11,1
DA:12,1
DA:13,1
DA:14,1
DA:15,1
DA:16,1
DA:17,1
DA:18,1
DA:19,1
DA:20,171
DA:21,171
DA:22,171
DA:23,171
DA:24,171
DA:25,171
DA:26,171
DA:27,171
DA:28,171
DA:29,171
DA:32,10
DA:33,10
DA:34,10
DA:35,10
DA:36,171
DA:37,171
DA:38,171
DA:39,171
DA:40,171
DA:41,171
DA:42,171
DA:43,171
DA:44,171
DA:45,171
DA:46,171
DA:47,171
DA:48,171
DA:49,171
DA:50,171
DA:51,513
DA:52,513
DA:53,513
DA:54,513
DA:55,513
DA:56,513
DA:57,513
DA:58,171
DA:59,171
DA:60,171
DA:61,171
DA:62,171
DA:63,171
LF:61
LH:61
BRDA:19,0,0,171
BRDA:41,1,0,29
BRDA:41,2,0,142
BRDA:48,3,0,94
BRDA:29,4,0,10
BRDA:31,5,0,1
BRDA:33,6,0,2
BRDA:33,7,0,8
BRDA:50,8,0,513
BRDA:56,9,0,10
BRF:10
BRH:10
end_of_record
TN:
SF:src/components/vote/ProgressBar.tsx
FN:8,ProgressBar
FNF:1
FNH:1
FNDA:73,ProgressBar
DA:1,1
DA:2,1
DA:3,1
DA:4,1
DA:5,1
DA:6,1
DA:7,1
DA:8,1
DA:9,73
DA:10,73
DA:11,73
DA:12,73
DA:13,73
DA:14,73
DA:15,73
DA:16,73
DA:17,73
DA:18,73
DA:19,73
DA:20,73
DA:21,73
DA:22,73
DA:23,73
DA:24,73
DA:25,73
DA:26,73
DA:27,73
DA:28,73
DA:29,73
DA:30,73
DA:31,73
DA:32,73
DA:33,73
DA:34,73
DA:35,73
DA:36,73
DA:37,73
DA:38,73
LF:38
LH:38
BRDA:8,0,0,73
BRDA:9,1,0,1
BRDA:9,2,0,72
BRF:3
BRH:3
end_of_record
TN:
SF:src/components/vote/SaveIndicator.tsx
FN:9,SaveIndicator
FNF:1
FNH:1
FNDA:176,SaveIndicator
DA:1,1
DA:2,1
DA:3,1
DA:4,1
DA:5,1
DA:6,1
DA:7,1
DA:8,1
DA:9,1
DA:10,176
DA:11,28
DA:12,154
DA:13,15
DA:14,15
DA:15,13
DA:16,154
DA:17,9
DA:18,9
DA:19,4
DA:20,4
DA:21,4
DA:22,4
DA:23,4
DA:24,4
DA:25,4
DA:26,4
DA:27,4
DA:28,4
DA:29,4
LF:29
LH:29
BRDA:9,0,0,176
BRDA:10,1,0,148
BRDA:10,2,0,154
BRDA:10,3,0,28
BRDA:12,4,0,139
BRDA:12,5,0,15
BRDA:14,6,0,13
BRDA:16,7,0,137
BRDA:16,8,0,9
BRDA:18,9,0,4
BRF:10
BRH:10
end_of_record
TN:
SF:src/components/vote/SubmitDialog.tsx
FN:9,SubmitDialog
FNF:1
FNH:1
FNDA:13,SubmitDialog
DA:1,1
DA:2,1
DA:3,1
DA:4,1
DA:5,1
DA:6,1
DA:7,1
DA:8,1
DA:9,1
DA:10,13
DA:11,13
DA:12,13
DA:13,13
DA:14,13
DA:15,13
DA:16,13
DA:17,13
DA:18,13
DA:19,13
DA:20,13
DA:21,13
DA:22,13
DA:23,13
DA:24,13
DA:25,13
DA:26,13
DA:27,13
DA:28,13
DA:29,13
DA:30,13
DA:31,13
DA:32,13
DA:33,13
DA:34,13
DA:35,13
DA:36,13
DA:37,13
DA:38,13
DA:39,13
DA:40,7
DA:41,7
DA:42,7
DA:43,7
DA:44,7
DA:45,7
DA:46,7
DA:47,14
DA:48,7
DA:49,7
DA:50,7
DA:51,6
DA:52,6
DA:53,13
DA:54,13
DA:55,13
DA:56,13
DA:57,13
DA:58,13
DA:59,13
DA:60,13
DA:61,13
DA:62,13
DA:63,13
DA:64,13
DA:65,13
LF:65
LH:65
BRDA:9,0,0,13
BRDA:37,1,0,7
BRDA:37,2,0,6
BRDA:39,3,0,7
BRDA:50,4,0,6
BRDA:46,5,0,14
BRF:6
BRH:6
end_of_record
TN:
SF:src/components/vote/VoteButton.tsx
FN:17,VoteButton
FNF:1
FNH:1
FNDA:521,VoteButton
DA:1,1
DA:2,1
DA:3,1
DA:4,1
DA:5,1
DA:6,1
DA:7,1
DA:8,1
DA:9,1
DA:10,1
DA:11,1
DA:12,1
DA:13,1
DA:14,1
DA:15,1
DA:16,1
DA:17,1
DA:18,521
DA:19,521
DA:20,521
DA:21,521
DA:22,521
DA:23,521
DA:24,521
DA:25,521
DA:26,521
DA:27,521
DA:28,521
DA:29,521
DA:30,521
DA:31,521
DA:32,521
DA:33,521
DA:34,521
DA:35,521
DA:36,521
LF:36
LH:36
BRDA:17,0,0,521
BRDA:25,1,0,34
BRDA:25,2,0,487
BRDA:26,3,0,34
BRDA:26,4,0,487
BRDA:27,5,0,29
BRDA:27,6,0,492
BRDA:30,7,0,29
BRDA:30,8,0,492
BRF:9
BRH:9
end_of_record
TN:
SF:src/hooks/useAutoSave.ts
FN:12,useAutoSave
FNF:1
FNH:1
FNDA:189,useAutoSave
DA:1,1
DA:2,1
DA:3,1
DA:4,1
DA:5,1
DA:6,1
DA:7,1
DA:8,1
DA:9,1
DA:10,1
DA:11,1
DA:12,1
DA:13,189
DA:14,189
DA:15,189
DA:16,189
DA:17,189
DA:18,189
DA:19,189
DA:20,189
DA:21,189
DA:22,189
DA:23,189
DA:24,17
DA:25,17
DA:26,17
DA:27,14
DA:28,17
DA:29,17
DA:30,3
DA:31,17
DA:32,189
DA:33,189
DA:34,189
DA:35,72
DA:36,72
DA:37,11
DA:38,11
DA:39,72
DA:40,14
DA:41,72
DA:42,72
DA:43,72
DA:44,72
DA:45,69
DA:46,69
DA:47,72
DA:48,72
DA:49,189
DA:50,189
DA:51,189
DA:52,3
DA:53,3
DA:54,3
DA:55,3
DA:56,3
DA:57,189
DA:58,189
DA:59,189
DA:60,189
LF:60
LH:60
BRDA:12,0,0,189
BRDA:23,1,0,17
BRDA:26,2,0,14
BRDA:29,3,0,3
BRDA:34,4,0,72
BRDA:36,5,0,11
BRDA:39,6,0,14
BRDA:43,7,0,72
BRDA:44,8,0,69
BRDA:51,9,0,3
BRF:10
BRH:10
end_of_record
TN:
SF:src/hooks/useCountdown.ts
FN:9,useCountdown
FN:15,computeSeconds
FNF:2
FNH:2
FNDA:66,useCountdown
FNDA:59,computeSeconds
DA:1,1
DA:2,1
DA:3,1
DA:4,1
DA:5,1
DA:6,1
DA:7,1
DA:8,1
DA:9,1
DA:10,66
DA:11,66
DA:12,66
DA:13,66
DA:14,66
DA:15,66
DA:16,59
DA:17,59
DA:18,59
DA:19,66
DA:20,66
DA:21,66
DA:22,66
DA:23,35
DA:24,24
DA:25,35
DA:26,35
DA:27,35
DA:28,66
DA:29,66
DA:30,66
DA:31,66
DA:32,66
DA:33,66
DA:34,66
DA:35,66
LF:35
LH:35
BRDA:9,0,0,66
BRDA:33,1,0,62
BRDA:15,2,0,59
BRDA:17,3,0,4
BRDA:17,4,0,55
BRDA:22,5,0,35
BRDA:23,6,0,24
BRDA:26,7,0,35
BRF:8
BRH:8
end_of_record
TN:
SF:src/hooks/useServerTime.ts
FN:8,useServerTime
FN:28,getServerNow
FNF:2
FNH:2
FNDA:95,useServerTime
FNDA:94,getServerNow
DA:1,1
DA:2,1
DA:3,1
DA:4,1
DA:5,1
DA:6,1
DA:7,1
DA:8,1
DA:9,95
DA:10,95
DA:11,95
DA:12,26
DA:13,26
DA:14,26
DA:15,25
DA:16,25
DA:17,25
DA:18,25
DA:19,25
DA:20,26
DA:21,26
DA:22,1
DA:23,1
DA:24,26
DA:25,95
DA:26,95
DA:27,95
DA:28,95
DA:29,95
DA:30,95
LF:30
LH:30
BRDA:8,0,0,95
BRDA:11,1,0,26
BRDA:14,2,0,25
BRDA:21,3,0,1
BRDA:28,4,0,94
BRF:5
BRH:5
end_of_record
TN:
SF:src/pages/AGMSummaryPage.tsx
FN:7,AGMSummaryPage
FN:12,queryFn
FNF:2
FNH:2
FNDA:27,AGMSummaryPage
FNDA:14,queryFn
DA:1,1
DA:2,1
DA:3,1
DA:4,1
DA:5,1
DA:6,1
DA:7,27
DA:8,27
DA:9,27
DA:10,27
DA:11,27
DA:12,27
DA:13,27
DA:14,27
DA:15,27
DA:16,27
DA:17,25
DA:18,11
DA:19,11
DA:20,27
DA:21,27
DA:22,27
DA:23,13
DA:24,27
DA:25,2
DA:26,2
DA:27,1
DA:28,1
DA:29,1
DA:30,1
DA:31,11
DA:34,11
DA:35,11
DA:36,11
DA:37,11
DA:38,11
DA:39,11
DA:40,11
DA:41,11
DA:42,11
DA:43,11
DA:44,11
DA:45,27
DA:46,27
DA:47,27
DA:48,27
DA:49,1
DA:50,10
DA:51,10
DA:52,10
DA:53,20
DA:54,20
DA:55,20
DA:56,20
DA:57,10
DA:58,10
DA:59,27
DA:60,27
DA:61,27
DA:62,27
LF:60
LH:60
BRDA:7,0,0,27
BRDA:22,1,0,14
BRDA:22,2,0,13
BRDA:24,3,0,2
BRDA:26,4,0,1
BRDA:30,5,0,11
BRDA:33,6,0,1
BRDA:33,7,0,1
BRDA:45,8,0,10
BRDA:45,9,0,1
BRDA:48,10,0,1
BRDA:49,11,0,10
BRDA:12,12,0,14
BRDA:16,13,0,25
BRDA:17,14,0,11
BRDA:52,15,0,20
BRDA:55,16,0,10
BRF:17
BRH:17
end_of_record
TN:
SF:src/pages/admin/AGMDetailPage.tsx
FN:12,AGMDetailPage
FN:18,queryFn
FN:22,handleCloseSuccess
FN:26,handleRetrySuccess
FNF:4
FNH:4
FNDA:35,AGMDetailPage
FNDA:20,queryFn
FNDA:1,handleCloseSuccess
FNDA:1,handleRetrySuccess
DA:1,1
DA:2,1
DA:3,1
DA:4,1
DA:5,1
DA:6,1
DA:7,1
DA:8,1
DA:9,1
DA:10,1
DA:11,1
DA:12,35
DA:13,35
DA:14,35
DA:15,35
DA:16,35
DA:17,35
DA:18,35
DA:19,35
DA:20,35
DA:21,35
DA:22,35
DA:23,1
DA:24,1
DA:25,35
DA:26,35
DA:27,1
DA:28,1
DA:29,35
DA:30,35
DA:31,17
DA:32,35
DA:33,2
DA:34,2
DA:35,1
DA:36,1
DA:37,1
DA:38,1
DA:39,15
DA:42,15
DA:43,15
DA:44,15
DA:45,15
DA:46,15
DA:47,15
DA:48,15
DA:49,15
DA:50,15
DA:51,15
DA:52,15
DA:53,15
DA:54,15
DA:55,6
DA:56,35
DA:57,35
DA:58,35
DA:59,35
DA:60,35
DA:61,35
DA:62,35
DA:63,35
DA:64,35
DA:65,35
DA:66,35
DA:67,35
DA:68,35
DA:69,35
DA:70,35
DA:71,35
DA:72,35
DA:73,35
DA:74,6
DA:75,6
DA:76,6
DA:77,35
DA:78,35
DA:79,35
DA:80,35
DA:81,35
DA:82,35
DA:83,35
DA:84,35
DA:85,35
DA:86,35
DA:87,35
DA:88,35
DA:89,35
DA:90,35
DA:91,35
DA:92,35
DA:93,35
DA:94,4
DA:95,4
DA:96,4
DA:97,4
DA:98,4
DA:99,35
DA:100,35
DA:101,35
DA:102,9
DA:103,9
DA:104,9
DA:105,9
DA:106,9
DA:107,9
DA:108,9
DA:109,35
DA:110,35
DA:111,35
DA:112,35
DA:113,35
DA:114,35
DA:115,35
LF:113
LH:113
BRDA:12,0,0,35
BRDA:30,1,0,18
BRDA:30,2,0,17
BRDA:32,3,0,2
BRDA:34,4,0,1
BRDA:38,5,0,15
BRDA:41,6,0,1
BRDA:41,7,0,1
BRDA:54,8,0,6
BRDA:55,9,0,4
BRDA:73,10,0,6
BRDA:93,11,0,4
BRDA:96,12,0,1
BRDA:101,13,0,9
BRDA:18,14,0,20
BRDA:22,15,0,1
BRDA:26,16,0,1
BRF:17
BRH:17
end_of_record
TN:
SF:src/pages/admin/AGMListPage.tsx
FN:8,AGMListPage
FN:23,onClick
FNF:2
FNH:2
FNDA:15,AGMListPage
FNDA:1,onClick
DA:1,1
DA:2,1
DA:3,1
DA:4,1
DA:5,1
DA:6,1
DA:7,1
DA:8,15
DA:9,15
DA:10,15
DA:11,15
DA:12,15
DA:13,15
DA:14,15
DA:15,15
DA:16,15
DA:17,15
DA:18,6
DA:19,6
DA:20,6
DA:21,6
DA:22,6
DA:23,6
DA:24,6
DA:25,6
DA:26,6
DA:27,6
DA:28,6
LF:28
LH:28
BRDA:8,0,0,15
BRDA:16,1,0,14
BRDA:16,2,0,8
BRDA:16,3,0,7
BRDA:17,4,0,1
BRDA:17,5,0,6
BRDA:23,6,0,1
BRF:7
BRH:7
end_of_record
TN:
SF:src/pages/admin/AdminLayout.tsx
FN:4,AdminLayout
FN:23,style
FN:31,style
FN:45,navLinkStyle
FNF:4
FNH:4
FNDA:9,AdminLayout
FNDA:10,style
FNDA:10,style
FNDA:20,navLinkStyle
DA:1,1
DA:2,1
DA:3,1
DA:4,9
DA:5,9
DA:6,9
DA:7,9
DA:8,9
DA:9,9
DA:10,9
DA:11,9
DA:12,9
DA:13,9
DA:14,9
DA:15,9
DA:16,9
DA:17,9
DA:18,9
DA:19,9
DA:20,9
DA:21,9
DA:22,9
DA:23,9
DA:24,9
DA:25,9
DA:26,9
DA:27,9
DA:28,9
DA:29,9
DA:30,9
DA:31,9
DA:32,9
DA:33,9
DA:34,9
DA:35,9
DA:36,9
DA:37,9
DA:38,9
DA:39,9
DA:40,9
DA:41,9
DA:42,9
DA:43,9
DA:44,1
DA:45,20
DA:46,20
DA:47,20
DA:48,20
DA:49,20
DA:50,20
DA:51,20
LF:51
LH:51
BRDA:4,0,0,9
BRDA:23,1,0,10
BRDA:31,2,0,10
BRDA:45,3,0,20
BRDA:47,4,0,4
BRDA:47,5,0,16
BRDA:49,6,0,4
BRDA:49,7,0,16
BRF:8
BRH:8
end_of_record
TN:
SF:src/pages/admin/BuildingDetailPage.tsx
FN:10,BuildingDetailPage
FN:31,queryFn
FN:35,handleEdit
FN:40,handleAddNew
FN:45,handleFormSuccess
FN:51,handleFormCancel
FN:56,handleCSVSuccess
FN:72,onClick
FNF:8
FNH:8
FNDA:34,BuildingDetailPage
FNDA:16,queryFn
FNDA:1,handleEdit
FNDA:4,handleAddNew
FNDA:1,handleFormSuccess
FNDA:1,handleFormCancel
FNDA:1,handleCSVSuccess
FNDA:1,onClick
DA:1,1
DA:2,1
DA:3,1
DA:4,1
DA:5,1
DA:6,1
DA:7,1
DA:8,1
DA:9,1
DA:10,34
DA:11,34
DA:12,34
DA:13,34
DA:14,34
DA:15,34
DA:16,34
DA:17,34
DA:18,34
DA:19,34
DA:20,34
DA:21,34
DA:22,34
DA:23,34
DA:24,34
DA:25,34
DA:26,34
DA:27,34
DA:28,34
DA:29,34
DA:30,34
DA:31,34
DA:32,34
DA:33,34
DA:34,34
DA:35,34
DA:36,1
DA:37,1
DA:38,1
DA:39,34
DA:40,34
DA:41,4
DA:42,4
DA:43,4
DA:44,34
DA:45,34
DA:46,1
DA:47,1
DA:48,1
DA:49,1
DA:50,34
DA:51,34
DA:52,1
DA:53,1
DA:54,1
DA:55,34
DA:56,34
DA:57,1
DA:58,1
DA:59,34
DA:60,34
DA:61,34
DA:62,19
DA:63,19
DA:64,19
DA:65,34
DA:66,34
DA:67,18
DA:68,34
DA:69,34
DA:70,34
DA:71,34
DA:72,34
DA:73,34
DA:74,34
DA:75,34
DA:76,5
DA:77,5
DA:78,5
DA:79,5
DA:80,5
DA:81,5
DA:82,34
DA:83,34
DA:84,34
DA:85,34
DA:86,34
DA:87,34
DA:88,34
DA:89,34
DA:90,34
DA:91,34
DA:92,34
LF:92
LH:92
BRDA:10,0,0,34
BRDA:60,1,0,14
BRDA:60,2,0,20
BRDA:61,3,0,1
BRDA:61,4,0,19
BRDA:65,5,0,18
BRDA:65,6,0,1
BRDA:66,7,0,18
BRDA:75,8,0,5
BRDA:23,9,0,21
BRDA:31,10,0,16
BRDA:35,11,0,1
BRDA:40,12,0,4
BRDA:45,13,0,1
BRDA:51,14,0,1
BRDA:56,15,0,1
BRDA:72,16,0,1
BRF:17
BRH:17
end_of_record
TN:
SF:src/pages/admin/BuildingsPage.tsx
FN:8,BuildingsPage
FN:16,handleImportSuccess
FNF:2
FNH:2
FNDA:18,BuildingsPage
FNDA:1,handleImportSuccess
DA:1,1
DA:2,1
DA:3,1
DA:4,1
DA:5,1
DA:6,1
DA:7,1
DA:8,18
DA:9,18
DA:10,18
DA:11,18
DA:12,18
DA:13,18
DA:14,18
DA:15,18
DA:16,18
DA:17,1
DA:18,1
DA:19,18
DA:20,18
DA:21,18
DA:22,7
DA:23,7
DA:24,7
DA:25,7
DA:26,7
DA:27,7
DA:28,7
DA:29,7
DA:30,7
LF:30
LH:30
BRDA:8,0,0,18
BRDA:20,1,0,10
BRDA:20,2,0,8
BRDA:21,3,0,1
BRDA:21,4,0,7
BRDA:16,5,0,1
BRF:6
BRH:6
end_of_record
TN:
SF:src/pages/admin/CreateAGMPage.tsx
FN:4,CreateAGMPage
FNF:1
FNH:1
FNDA:3,CreateAGMPage
DA:1,1
DA:2,1
DA:3,1
DA:4,3
DA:5,3
DA:6,3
DA:7,3
DA:8,3
DA:9,3
DA:10,3
DA:11,3
LF:11
LH:11
BRDA:4,0,0,3
BRF:1
BRH:1
end_of_record
TN:
SF:src/pages/vote/AuthPage.tsx
FN:7,AuthPage
FN:37,findBuilding
FN:59,mutationFn
FN:70,onSuccess
FN:79,onError
FN:88,handleSubmit
FNF:6
FNH:6
FNDA:46,AuthPage
FNDA:12,findBuilding
FNDA:7,mutationFn
FNDA:4,onSuccess
FNDA:3,onError
FNDA:7,handleSubmit
DA:1,1
DA:2,1
DA:3,1
DA:4,1
DA:5,1
DA:6,1
DA:7,1
DA:8,46
DA:9,46
DA:10,46
DA:11,46
DA:12,46
DA:13,46
DA:14,46
DA:15,46
DA:16,46
DA:17,46
DA:18,46
DA:19,46
DA:20,46
DA:21,46
DA:22,46
DA:23,46
DA:24,46
DA:25,46
DA:26,46
DA:27,46
DA:28,46
DA:29,46
DA:30,46
DA:31,46
DA:32,46
DA:33,46
DA:34,46
DA:35,26
DA:36,12
DA:37,12
DA:38,12
DA:39,12
DA:40,12
DA:41,12
DA:42,11
DA:43,11
DA:44,11
DA:45,11
DA:46,11
DA:47,11
DA:48,11
DA:49,12
DA:50,1
DA:51,1
DA:52,12
DA:53,12
DA:54,12
DA:55,12
DA:56,46
DA:57,46
DA:58,46
DA:59,46
DA:60,7
DA:61,1
DA:62,1
DA:63,6
DA:64,6
DA:65,6
DA:66,6
DA:67,6
DA:68,6
DA:69,7
DA:70,46
DA:73,4
DA:74,2
DA:75,2
DA:76,2
DA:77,2
DA:78,4
DA:79,46
DA:80,3
DA:81,1
DA:82,3
DA:83,2
DA:84,2
DA:85,3
DA:86,46
DA:87,46
DA:88,46
DA:89,7
DA:90,7
DA:91,7
DA:92,46
DA:93,46
DA:94,46
DA:95,46
DA:96,46
DA:97,46
DA:98,46
DA:99,46
DA:100,46
DA:101,46
DA:102,46
LF:100
LH:100
BRDA:7,0,0,46
BRDA:95,1,0,28
BRDA:96,2,0,28
BRDA:34,3,0,26
BRDA:35,4,0,12
BRDA:35,5,0,25
BRDA:35,6,0,14
BRDA:35,7,0,12
BRDA:37,8,0,12
BRDA:41,9,0,11
BRDA:49,10,0,1
BRDA:52,11,0,1
BRDA:42,12,0,11
BRDA:59,13,0,7
BRDA:60,14,0,6
BRDA:60,15,0,1
BRDA:62,16,0,6
BRDA:70,17,0,4
BRDA:72,18,0,1
BRDA:73,19,0,3
BRDA:73,20,0,2
BRDA:79,21,0,3
BRDA:80,22,0,1
BRDA:82,23,0,2
BRDA:88,24,0,7
BRF:25
BRH:25
end_of_record
TN:
SF:src/pages/vote/BuildingSelectPage.tsx
FN:8,BuildingSelectPage
FN:20,queryFn
FN:24,handleBuildingChange
FN:29,handleEnterVoting
FN:33,handleViewSubmission
FNF:5
FNH:5
FNDA:39,BuildingSelectPage
FNDA:8,queryFn
FNDA:8,handleBuildingChange
FNDA:1,handleEnterVoting
FNDA:1,handleViewSubmission
DA:1,1
DA:2,1
DA:3,1
DA:4,1
DA:5,1
DA:6,1
DA:7,1
DA:8,1
DA:9,39
DA:10,39
DA:11,39
DA:12,39
DA:13,39
DA:14,39
DA:15,39
DA:16,39
DA:17,39
DA:18,39
DA:19,39
DA:20,39
DA:21,39
DA:22,39
DA:23,39
DA:24,39
DA:25,8
DA:26,8
DA:27,8
DA:28,39
DA:29,39
DA:30,1
DA:31,1
DA:32,39
DA:33,39
DA:34,1
DA:35,1
DA:36,39
DA:37,39
DA:38,12
DA:39,12
DA:40,27
DA:41,39
DA:42,1
DA:43,1
DA:44,26
DA:45,26
DA:46,26
DA:47,26
DA:48,26
DA:51,39
DA:52,39
DA:53,39
DA:54,39
DA:55,39
DA:56,39
DA:57,8
DA:58,8
DA:59,8
DA:60,8
DA:61,8
DA:62,39
DA:63,39
DA:64,39
DA:65,39
LF:63
LH:63
BRDA:8,0,0,39
BRDA:37,1,0,38
BRDA:37,2,0,12
BRDA:39,3,0,27
BRDA:41,4,0,1
BRDA:43,5,0,26
BRDA:50,6,0,1
BRDA:55,7,0,8
BRDA:56,8,0,8
BRDA:20,9,0,8
BRDA:24,10,0,8
BRDA:29,11,0,1
BRDA:33,12,0,1
BRF:13
BRH:13
end_of_record
TN:
SF:src/pages/vote/ConfirmationPage.tsx
FN:12,ConfirmationPage
FN:18,queryFn
FN:62,onClick
FNF:3
FNH:3
FNDA:23,ConfirmationPage
FNDA:12,queryFn
FNDA:1,onClick
DA:1,1
DA:2,1
DA:3,1
DA:4,1
DA:5,1
DA:6,1
DA:7,1
DA:8,1
DA:9,1
DA:10,1
DA:11,1
DA:12,1
DA:13,23
DA:14,23
DA:15,23
DA:16,23
DA:17,23
DA:18,23
DA:19,23
DA:20,23
DA:21,23
DA:22,23
DA:23,23
DA:24,12
DA:25,12
DA:26,11
DA:27,23
DA:28,2
DA:29,2
DA:30,1
DA:31,1
DA:32,1
DA:33,1
DA:34,9
DA:39,9
DA:40,9
DA:41,9
DA:42,9
DA:43,9
DA:44,9
DA:45,9
DA:46,9
DA:47,9
DA:48,9
DA:49,9
DA:50,9
DA:51,9
DA:52,9
DA:53,9
DA:54,9
DA:55,9
DA:56,9
DA:57,16
DA:58,16
DA:59,16
DA:60,9
DA:61,9
DA:62,9
DA:63,9
DA:64,9
DA:65,9
DA:66,9
DA:67,9
LF:63
LH:63
BRDA:12,0,0,23
BRDA:23,1,0,21
BRDA:23,2,0,12
BRDA:25,3,0,11
BRDA:27,4,0,2
BRDA:29,5,0,1
BRDA:33,6,0,9
BRDA:36,7,0,1
BRDA:38,8,0,1
BRDA:18,9,0,12
BRDA:40,10,0,7
BRDA:56,11,0,16
BRDA:58,12,0,1
BRDA:62,13,0,1
BRF:14
BRH:14
end_of_record
TN:
SF:src/pages/vote/VotingPage.tsx
FN:20,formatLocalDateTime
FN:27,VotingPage
FN:51,findBuilding
FN:72,queryFn
FN:79,queryFn
FN:98,poll
FN:119,mutationFn
FN:120,onSuccess
FN:124,onError
FN:134,handleChoiceChange
FN:146,handleSubmitClick
FN:151,handleConfirm
FN:156,handleCancel
FNF:13
FNH:13
FNDA:94,formatLocalDateTime
FNDA:91,VotingPage
FNDA:22,findBuilding
FNDA:22,queryFn
FNDA:24,queryFn
FNDA:3,poll
FNDA:4,mutationFn
FNDA:2,onSuccess
FNDA:2,onError
FNDA:8,handleChoiceChange
FNDA:8,handleSubmitClick
FNDA:4,handleConfirm
FNDA:1,handleCancel
DA:1,1
DA:2,1
DA:3,1
DA:4,1
DA:5,1
DA:6,1
DA:7,1
DA:8,1
DA:9,1
DA:10,1
DA:11,1
DA:12,1
DA:13,1
DA:14,1
DA:15,1
DA:16,1
DA:17,1
DA:18,1
DA:19,1
DA:20,94
DA:21,94
DA:22,94
DA:23,94
DA:24,94
DA:25,94
DA:26,1
DA:27,1
DA:28,91
DA:29,91
DA:30,91
DA:31,91
DA:32,91
DA:33,91
DA:34,91
DA:35,91
DA:36,91
DA:37,91
DA:38,91
DA:39,91
DA:40,91
DA:41,91
DA:42,91
DA:43,91
DA:44,91
DA:45,91
DA:46,91
DA:47,91
DA:48,91
DA:49,44
DA:50,22
DA:51,22
DA:52,22
DA:53,22
DA:54,22
DA:55,22
DA:56,20
DA:57,20
DA:58,20
DA:59,20
DA:60,20
DA:61,20
DA:62,22
DA:63,2
DA:64,2
DA:65,22
DA:66,22
DA:67,22
DA:68,91
DA:69,91
DA:70,91
DA:71,91
DA:72,91
DA:73,91
DA:74,91
DA:75,91
DA:76,91
DA:77,91
DA:78,91
DA:79,91
DA:80,91
DA:81,91
DA:82,91
DA:83,91
DA:84,91
DA:85,44
DA:86,1
DA:87,1
DA:88,1
DA:89,1
DA:90,1
DA:91,1
DA:92,91
DA:93,91
DA:94,91
DA:95,91
DA:96,44
DA:97,22
DA:98,22
DA:99,3
DA:100,3
DA:101,3
DA:102,2
DA:103,3
DA:104,1
DA:105,1
DA:106,1
DA:107,1
DA:108,3
DA:109,1
DA:110,1
DA:111,3
DA:112,3
DA:113,22
DA:114,22
DA:115,22
DA:116,91
DA:117,91
DA:118,91
DA:119,91
DA:120,91
DA:121,2
DA:122,2
DA:123,2
DA:124,91
DA:125,2
DA:126,1
DA:127,1
DA:128,1
DA:129,1
DA:130,1
DA:131,2
DA:132,91
DA:133,91
DA:134,91
DA:135,8
DA:136,8
DA:137,91
DA:138,91
DA:139,69
DA:140,22
DA:141,91
DA:142,91
DA:143,69
DA:144,22
DA:145,91
DA:146,91
DA:147,8
DA:148,8
DA:149,8
DA:150,91
DA:151,91
DA:152,4
DA:153,4
DA:154,4
DA:155,91
DA:156,91
DA:157,1
DA:158,1
DA:159,91
DA:160,91
DA:161,91
DA:162,47
DA:163,47
DA:164,47
DA:165,1
DA:166,1
DA:167,1
DA:168,44
DA:169,91
DA:170,91
DA:171,91
DA:172,91
DA:173,91
DA:174,47
DA:175,47
DA:176,47
DA:177,47
DA:178,47
DA:179,47
DA:180,47
DA:181,1
DA:182,1
DA:183,1
DA:184,47
DA:185,47
DA:186,91
DA:187,91
DA:188,91
DA:189,69
DA:190,69
DA:191,69
DA:192,138
DA:193,138
DA:194,138
DA:195,138
DA:196,138
DA:197,138
DA:198,138
DA:199,138
DA:200,138
DA:201,69
DA:202,69
DA:203,66
DA:204,66
DA:205,66
DA:206,69
DA:207,69
DA:208,91
DA:209,91
DA:210,91
DA:211,8
DA:212,8
DA:213,8
DA:214,8
DA:215,8
DA:216,91
DA:217,91
DA:218,91
DA:219,91
LF:219
LH:219
BRDA:20,0,0,94
BRDA:27,1,0,91
BRDA:138,2,0,69
BRDA:139,3,0,22
BRDA:142,4,0,69
BRDA:143,5,0,22
BRDA:161,6,0,47
BRDA:164,7,0,1
BRDA:167,8,0,44
BRDA:172,9,0,3
BRDA:173,10,0,47
BRDA:180,11,0,1
BRDA:188,12,0,69
BRDA:202,13,0,66
BRDA:210,14,0,8
BRDA:48,15,0,44
BRDA:49,16,0,22
BRDA:49,17,0,22
BRDA:51,18,0,22
BRDA:55,19,0,20
BRDA:62,20,0,2
BRDA:65,21,0,2
BRDA:56,22,0,20
BRDA:72,23,0,22
BRDA:79,24,0,24
BRDA:84,25,0,44
BRDA:85,26,0,22
BRDA:85,27,0,1
BRDA:90,28,0,1
BRDA:95,29,0,44
BRDA:96,30,0,22
BRDA:98,31,0,3
BRDA:101,32,0,2
BRDA:103,33,0,1
BRDA:108,34,0,1
BRDA:111,35,0,1
BRDA:102,36,0,2
BRDA:114,37,0,3
BRDA:115,38,0,22
BRDA:119,39,0,4
BRDA:120,40,0,2
BRDA:124,41,0,2
BRDA:125,42,0,1
BRDA:134,43,0,8
BRDA:135,44,0,8
BRDA:139,45,0,138
BRDA:143,46,0,138
BRDA:146,47,0,8
BRDA:151,48,0,4
BRDA:156,49,0,1
BRDA:191,50,0,138
BRDA:196,51,0,120
BRDA:199,52,0,36
BRDA:212,53,0,12
BRF:54
BRH:54
end_of_record
TN:
SF:src/routes/AdminRoutes.tsx
FN:10,AdminRoutes
FNF:1
FNH:1
FNDA:5,AdminRoutes
DA:1,1
DA:2,1
DA:3,1
DA:4,1
DA:5,1
DA:6,1
DA:7,1
DA:8,1
DA:9,1
DA:10,5
DA:11,5
DA:12,5
DA:13,5
DA:14,5
DA:15,5
DA:16,5
DA:17,5
DA:18,5
DA:19,5
DA:20,5
DA:21,5
DA:22,5
DA:23,5
LF:23
LH:23
BRDA:10,0,0,5
BRF:1
BRH:1
end_of_record
TN:
SF:src/routes/VoteRoutes.tsx
FN:8,VoteRoutes
FNF:1
FNH:1
FNDA:4,VoteRoutes
DA:1,1
DA:2,1
DA:3,1
DA:4,1
DA:5,1
DA:6,1
DA:7,1
DA:8,1
DA:9,4
DA:10,4
DA:11,4
DA:12,4
DA:13,4
DA:14,4
DA:15,4
DA:16,4
DA:17,4
LF:17
LH:17
BRDA:8,0,0,4
BRF:1
BRH:1
end_of_record
TN:
SF:src/utils/parseMotionsExcel.ts
FN:8,parseMotionsExcel
FNF:1
FNH:1
FNDA:19,parseMotionsExcel
DA:1,1
DA:2,1
DA:3,1
DA:4,1
DA:5,1
DA:6,1
DA:7,1
DA:8,19
DA:9,19
DA:10,19
DA:11,19
DA:12,19
DA:13,19
DA:14,19
DA:15,19
DA:16,19
DA:17,19
DA:18,19
DA:19,19
DA:20,1
DA:21,1
DA:22,18
DA:23,18
DA:24,18
DA:25,18
DA:26,34
DA:27,18
DA:28,18
DA:29,18
DA:30,18
DA:31,18
DA:32,18
DA:33,19
DA:34,19
DA:35,19
DA:36,15
DA:37,15
DA:38,15
DA:39,15
DA:40,15
DA:41,19
DA:42,30
DA:43,30
DA:44,30
DA:45,30
DA:46,30
DA:47,30
DA:48,30
DA:49,30
DA:50,30
DA:51,30
DA:52,30
DA:53,27
DA:54,27
DA:55,27
DA:56,30
DA:57,30
DA:58,30
DA:59,3
DA:60,30
DA:61,24
DA:62,24
DA:63,24
DA:64,24
DA:65,4
DA:66,24
DA:67,20
DA:68,20
DA:69,24
DA:70,30
DA:71,30
DA:72,30
DA:73,30
DA:74,30
DA:75,30
DA:76,19
DA:77,24
DA:78,24
DA:79,24
DA:80,19
DA:81,3
DA:82,3
DA:83,15
DA:84,19
DA:85,7
DA:86,7
DA:87,7
DA:88,11
DA:89,11
DA:90,7
DA:91,7
DA:92,7
DA:93,7
LF:93
LH:93
BRDA:8,0,0,19
BRDA:19,1,0,1
BRDA:21,2,0,18
BRDA:33,3,0,2
BRDA:33,4,0,18
BRDA:34,5,0,2
BRDA:34,6,0,18
BRDA:35,7,0,3
BRDA:35,8,0,15
BRDA:41,9,0,30
BRDA:52,10,0,3
BRDA:52,11,0,27
BRDA:56,12,0,26
BRDA:56,13,0,26
BRDA:58,14,0,26
BRDA:58,15,0,3
BRDA:60,16,0,24
BRDA:63,17,0,23
BRDA:63,18,0,23
BRDA:64,19,0,4
BRDA:66,20,0,20
BRDA:76,21,0,24
BRDA:77,22,0,3
BRDA:79,23,0,15
BRDA:80,24,0,3
BRDA:82,25,0,15
BRDA:84,26,0,8
BRDA:84,27,0,7
BRDA:25,28,0,34
BRDA:26,29,0,33
BRDA:26,30,0,1
BRDA:29,31,0,19
BRDA:30,32,0,34
BRDA:50,33,0,35
BRDA:50,34,0,31
BRDA:50,35,0,29
BRDA:80,36,0,1
BRDA:86,37,0,6
BRDA:87,38,0,11
BRF:39
BRH:39
end_of_record
